This file contains any messages produced by compilers while
running configure, to aid debugging if configure makes a mistake.

It was created by mbarivision.C configure dcline@mbari.org, which was
generated by GNU Autoconf 2.61.  Invocation command line was

  $ ./configure --prefix=/home/aved/aved --with-saliencyroot=/home/aved/aved/saliency --with-xercescroot=/home/aved/aved/Xerces-2_7_0

## --------- ##
## Platform. ##
## --------- ##

hostname = toucanmbari
uname -m = i686
uname -r = 2.6.22.1.emp12
uname -s = Linux
uname -v = #1 SMP PREEMPT Wed Feb 20 11:23:18 EST 2008

/usr/bin/uname -p = unknown
/bin/uname -X     = unknown

/bin/arch              = i686
/usr/bin/arch -k       = unknown
/usr/convex/getsysinfo = unknown
/usr/bin/hostinfo      = unknown
/bin/machine           = unknown
/usr/bin/oslevel       = unknown
/bin/universe          = unknown

PATH: /opt/condor-7.2.3/bin
PATH: /opt/condor-7.2.3/sbin
PATH: /opt/condor-7.2.3/bin
PATH: /opt/condor-7.2.3/sbin
PATH: /opt/condor-7.2.3/bin
PATH: /opt/condor-7.2.3/sbin
PATH: /opt/condor-7.2.3/bin
PATH: /opt/condor-7.2.3/sbin
PATH: /opt/condor-7.2.3/bin
PATH: /opt/condor-7.2.3/sbin
PATH: /usr/kerberos/sbin
PATH: /usr/kerberos/bin
PATH: /opt/emperor/bin
PATH: /usr/lib/ccache
PATH: /usr/local/sbin
PATH: /usr/local/bin
PATH: /sbin
PATH: /bin
PATH: /usr/sbin
PATH: /usr/bin
PATH: /usr/X11R6/bin
PATH: /root/bin
PATH: /usr/local/aved/scripts
PATH: /usr/local/aved/scripts
PATH: /usr/local/aved/bin
PATH: /usr/local/aved/scripts
PATH: /usr/local/aved/bin
PATH: /usr/local/aved/scripts
PATH: /usr/local/aved/bin
PATH: /usr/local/aved/scripts
PATH: /usr/local/aved/scripts
PATH: /usr/local/bin
PATH: /usr/local/aved/scripts
PATH: /usr/local/aved/bin
PATH: /usr/local/aved/scripts
PATH: /usr/local/aved/bin
PATH: /home/aved
PATH: /usr/local/apache-maven/apache-maven-2.2.1/bin
PATH: /usr/java/jdk1.6.0_20/bin


## ----------- ##
## Core tests. ##
## ----------- ##

configure:1727: checking for gcc
configure:1743: found /usr/lib/ccache/gcc
configure:1754: result: gcc
configure:1992: checking for C compiler version
configure:1999: gcc --version >&5
gcc (GCC) 4.1.2 20070925 (Red Hat 4.1.2-33)
Copyright (C) 2006 Free Software Foundation, Inc.
This is free software; see the source for copying conditions.  There is NO
warranty; not even for MERCHANTABILITY or FITNESS FOR A PARTICULAR PURPOSE.

configure:2002: $? = 0
configure:2009: gcc -v >&5
Using built-in specs.
Target: i386-redhat-linux
Configured with: ../configure --prefix=/usr --mandir=/usr/share/man --infodir=/usr/share/info --enable-shared --enable-threads=posix --enable-checking=release --with-system-zlib --enable-__cxa_atexit --disable-libunwind-exceptions --enable-languages=c,c++,objc,obj-c++,java,fortran,ada --enable-java-awt=gtk --disable-dssi --enable-plugin --with-java-home=/usr/lib/jvm/java-1.5.0-gcj-1.5.0.0/jre --enable-libgcj-multifile --enable-java-maintainer-mode --with-ecj-jar=/usr/share/java/eclipse-ecj.jar --with-cpu=generic --host=i386-redhat-linux
Thread model: posix
gcc version 4.1.2 20070925 (Red Hat 4.1.2-33)
configure:2012: $? = 0
configure:2019: gcc -V >&5
gcc: '-V' option must have argument
configure:2022: $? = 1
configure:2045: checking for C compiler default output file name
configure:2072: gcc    conftest.c  >&5
configure:2075: $? = 0
configure:2113: result: a.out
configure:2130: checking whether the C compiler works
configure:2140: ./a.out
configure:2143: $? = 0
configure:2160: result: yes
configure:2167: checking whether we are cross compiling
configure:2169: result: no
configure:2172: checking for suffix of executables
configure:2179: gcc -o conftest    conftest.c  >&5
configure:2182: $? = 0
configure:2206: result: 
configure:2212: checking for suffix of object files
configure:2238: gcc -c   conftest.c >&5
configure:2241: $? = 0
configure:2264: result: o
configure:2268: checking whether we are using the GNU C compiler
configure:2297: gcc -c   conftest.c >&5
configure:2303: $? = 0
configure:2320: result: yes
configure:2325: checking whether gcc accepts -g
configure:2355: gcc -c -g  conftest.c >&5
configure:2361: $? = 0
configure:2460: result: yes
configure:2477: checking for gcc option to accept ISO C89
configure:2551: gcc  -c -g -O2  conftest.c >&5
configure:2557: $? = 0
configure:2580: result: none needed
configure:2657: checking for g++
configure:2673: found /usr/lib/ccache/g++
configure:2684: result: g++
configure:2715: checking for C++ compiler version
configure:2722: g++ --version >&5
g++ (GCC) 4.1.2 20070925 (Red Hat 4.1.2-33)
Copyright (C) 2006 Free Software Foundation, Inc.
This is free software; see the source for copying conditions.  There is NO
warranty; not even for MERCHANTABILITY or FITNESS FOR A PARTICULAR PURPOSE.

configure:2725: $? = 0
configure:2732: g++ -v >&5
Using built-in specs.
Target: i386-redhat-linux
Configured with: ../configure --prefix=/usr --mandir=/usr/share/man --infodir=/usr/share/info --enable-shared --enable-threads=posix --enable-checking=release --with-system-zlib --enable-__cxa_atexit --disable-libunwind-exceptions --enable-languages=c,c++,objc,obj-c++,java,fortran,ada --enable-java-awt=gtk --disable-dssi --enable-plugin --with-java-home=/usr/lib/jvm/java-1.5.0-gcj-1.5.0.0/jre --enable-libgcj-multifile --enable-java-maintainer-mode --with-ecj-jar=/usr/share/java/eclipse-ecj.jar --with-cpu=generic --host=i386-redhat-linux
Thread model: posix
gcc version 4.1.2 20070925 (Red Hat 4.1.2-33)
configure:2735: $? = 0
configure:2742: g++ -V >&5
g++: '-V' option must have argument
configure:2745: $? = 1
configure:2748: checking whether we are using the GNU C++ compiler
configure:2777: g++ -c   conftest.cpp >&5
configure:2783: $? = 0
configure:2800: result: yes
configure:2805: checking whether g++ accepts -g
configure:2835: g++ -c -g  conftest.cpp >&5
configure:2841: $? = 0
configure:2940: result: yes
configure:2990: checking for headers in saliency
configure:3016: g++ -o conftest -g -O2  -I/home/aved/aved/saliency/src  -L/home/aved/aved/saliency/build/obj conftest.cpp  >&5
configure:3022: $? = 0
configure:3040: result: yes
configure:3099: checking for libxerces-c
configure:3128: g++ -o conftest -g -O2  -I/home/aved/aved/Xerces-C_2_7_0/src/xercesc  -L/home/aved/aved/Xerces-C_2_7_0/lib conftest.cpp  -lxerces-c -lxerces-c -lpthread >&5
configure:3134: $? = 0
configure:3152: result: yes
configure:3310: creating ./config.status

## ---------------------- ##
## Running config.status. ##
## ---------------------- ##

This file was extended by mbarivision.C config.status dcline@mbari.org, which was
generated by GNU Autoconf 2.61.  Invocation command line was

  CONFIG_FILES    = 
  CONFIG_HEADERS  = 
  CONFIG_LINKS    = 
  CONFIG_COMMANDS = 
  $ ./config.status 

on toucanmbari

config.status:576: creating Makefile

## ---------------- ##
## Cache variables. ##
## ---------------- ##

ac_cv_c_compiler_gnu=yes
ac_cv_cxx_compiler_gnu=yes
ac_cv_env_CCC_set=
ac_cv_env_CCC_value=
ac_cv_env_CC_set=
ac_cv_env_CC_value=
ac_cv_env_CFLAGS_set=
ac_cv_env_CFLAGS_value=
ac_cv_env_CPPFLAGS_set=
ac_cv_env_CPPFLAGS_value=
ac_cv_env_CXXFLAGS_set=
ac_cv_env_CXXFLAGS_value=
ac_cv_env_CXX_set=
ac_cv_env_CXX_value=
ac_cv_env_LDFLAGS_set=
ac_cv_env_LDFLAGS_value=
ac_cv_env_LIBS_set=
ac_cv_env_LIBS_value=
ac_cv_env_build_alias_set=
ac_cv_env_build_alias_value=
ac_cv_env_host_alias_set=
ac_cv_env_host_alias_value=
ac_cv_env_target_alias_set=
ac_cv_env_target_alias_value=
ac_cv_objext=o
ac_cv_prog_ac_ct_CC=gcc
ac_cv_prog_ac_ct_CXX=g++
ac_cv_prog_cc_c89=
ac_cv_prog_cc_g=yes
ac_cv_prog_cxx_g=yes

## ----------------- ##
## Output variables. ##
## ----------------- ##

CC='gcc'
CFLAGS='-g -O2'
CPPFLAGS=''
CXX='g++'
CXXFLAGS='-g -O2'
DEFS='-DPACKAGE_NAME=\"mbarivision.C\" -DPACKAGE_TARNAME=\"mbarivision-c\" -DPACKAGE_VERSION=\"dcline@mbari.org\" -DPACKAGE_STRING=\"mbarivision.C\ dcline@mbari.org\" -DPACKAGE_BUGREPORT=\"\"'
ECHO_C=''
ECHO_N='-n'
ECHO_T=''
EXEEXT=''
LDFLAGS=''
LIBOBJS=''
LIBS=''
LTLIBOBJS=''
OBJEXT='o'
PACKAGE_BUGREPORT=''
PACKAGE_NAME='mbarivision.C'
PACKAGE_STRING='mbarivision.C dcline@mbari.org'
PACKAGE_TARNAME='mbarivision-c'
PACKAGE_VERSION='dcline@mbari.org'
PATH_SEPARATOR=':'
SHELL='/bin/sh'
ac_ct_CC='gcc'
ac_ct_CXX='g++'
bindir='${exec_prefix}/bin'
build_alias=''
datadir='${datarootdir}'
datarootdir='${prefix}/share'
docdir='${datarootdir}/doc/${PACKAGE_TARNAME}'
dvidir='${docdir}'
exec_prefix='${prefix}'
host_alias=''
htmldir='${docdir}'
includedir='${prefix}/include'
infodir='${datarootdir}/info'
libdir='${exec_prefix}/lib'
libexecdir='${exec_prefix}/libexec'
localedir='${datarootdir}/locale'
localstatedir='${prefix}/var'
mandir='${datarootdir}/man'
oldincludedir='/usr/include'
pdfdir='${docdir}'
prefix='/home/aved/aved'
program_transform_name='s,x,x,'
psdir='${docdir}'
sbindir='${exec_prefix}/sbin'
sharedstatedir='${prefix}/com'
sysconfdir='${prefix}/etc'
target_alias=''
with_saliency='/home/aved/aved/saliency'
with_xercesc='/home/aved/aved/Xerces-C_2_7_0'

## ----------- ##
## confdefs.h. ##
## ----------- ##

#define PACKAGE_NAME "mbarivision.C"
#define PACKAGE_TARNAME "mbarivision-c"
#define PACKAGE_VERSION "dcline@mbari.org"
#define PACKAGE_STRING "mbarivision.C dcline@mbari.org"
#define PACKAGE_BUGREPORT ""

configure: exit 0
