java.io.IOException: Stream closed
	at java.io.BufferedInputStream.getInIfOpen(BufferedInputStream.java:134)
	at java.io.BufferedInputStream.fill(BufferedInputStream.java:218)
	at java.io.BufferedInputStream.read1(BufferedInputStream.java:258)
	at java.io.BufferedInputStream.read(BufferedInputStream.java:317)
	at java.io.FilterInputStream.read(FilterInputStream.java:90)
	at com.jeta.forms.gui.formmgr.FormManagerUtils.loadForm(Unknown Source)
	at com.jeta.forms.gui.formmgr.FormManagerUtils.openPackagedForm(Unknown Source)
	at com.jeta.forms.gui.form.FormComponent.openLinkedForm(Unknown Source)
	at com.jeta.forms.gui.form.FormComponent.setState(Unknown Source)
	at com.jeta.forms.gui.form.FormComponent.setState(Unknown Source)
	at com.jeta.forms.gui.form.FormComponent.setState(Unknown Source)
	at com.jeta.forms.gui.formmgr.FormManagerUtils.openPackagedForm(Unknown Source)
	at com.jeta.forms.components.panel.FormPanel.<init>(Unknown Source)
	at org.mbari.aved.ui.appframework.JFrameView.<init>(JFrameView.java:23)
	at org.mbari.aved.ui.editor.EditorView.<init>(EditorView.java:59)
	at org.mbari.aved.ui.ApplicationController.<init>(ApplicationController.java:93)
	at org.mbari.aved.ui.editor.Editor.<init>(Editor.java:16)
	at org.mbari.aved.ui.editor.Editor.<clinit>(Editor.java:9)
	at org.mbari.aved.ui.ApplicationView.initialize(ApplicationView.java:95)
	at org.mbari.aved.ui.ApplicationView.<init>(ApplicationView.java:67)
	at org.mbari.aved.ui.ApplicationView.<clinit>(ApplicationView.java:62)
	at org.mbari.aved.ui.Main.<clinit>(Main.java:19)
May 2, 2008 11:27:20 AM com.jeta.forms.logger.FormsLogger severe
SEVERE: java.io.IOException: Stream closed
	at java.io.BufferedInputStream.getInIfOpen(BufferedInputStream.java:134)
	at java.io.BufferedInputStream.fill(BufferedInputStream.java:218)
	at java.io.BufferedInputStream.read1(BufferedInputStream.java:258)
	at java.io.BufferedInputStream.read(BufferedInputStream.java:317)
	at java.io.FilterInputStream.read(FilterInputStream.java:90)
	at com.jeta.forms.gui.formmgr.FormManagerUtils.loadForm(Unknown Source)
	at com.jeta.forms.gui.formmgr.FormManagerUtils.openPackagedForm(Unknown Source)
	at com.jeta.forms.gui.form.FormComponent.openLinkedForm(Unknown Source)
	at com.jeta.forms.gui.form.FormComponent.setState(Unknown Source)
	at com.jeta.forms.gui.form.FormComponent.setState(Unknown Source)
	at com.jeta.forms.gui.form.FormComponent.setState(Unknown Source)
	at com.jeta.forms.gui.formmgr.FormManagerUtils.openPackagedForm(Unknown Source)
	at com.jeta.forms.components.panel.FormPanel.<init>(Unknown Source)
	at org.mbari.aved.ui.appframework.JFrameView.<init>(JFrameView.java:23)
	at org.mbari.aved.ui.editor.EditorView.<init>(EditorView.java:59)
	at org.mbari.aved.ui.ApplicationController.<init>(ApplicationController.java:93)
	at org.mbari.aved.ui.editor.Editor.<init>(Editor.java:16)
	at org.mbari.aved.ui.editor.Editor.<clinit>(Editor.java:9)
	at org.mbari.aved.ui.ApplicationView.initialize(ApplicationView.java:95)
	at org.mbari.aved.ui.ApplicationView.<init>(ApplicationView.java:67)
	at org.mbari.aved.ui.ApplicationView.<clinit>(ApplicationView.java:62)
	at org.mbari.aved.ui.Main.<clinit>(Main.java:19)

